[2018-12-17 15:47:41] INFO [main: CodeCraft-2019.py, 21] car_path is config/car.txt
[2018-12-17 15:47:41] INFO [main: CodeCraft-2019.py, 22] road_path is config/road.txt
[2018-12-17 15:47:41] INFO [main: CodeCraft-2019.py, 23] cross_path is config/cross.txt
[2018-12-17 15:47:41] INFO [main: CodeCraft-2019.py, 24] answer_path is config/answer.txt[2019-03-14 23:51:23] INFO [main: CodeCraft-2019.py, 14] please input args: car_path, road_path, cross_path, answerPath
[2019-03-14 23:52:03] INFO [main: CodeCraft-2019.py, 27] car_path is ./config/car.txt
[2019-03-14 23:52:03] INFO [main: CodeCraft-2019.py, 28] road_path is ./config/car.txt
[2019-03-14 23:52:03] INFO [main: CodeCraft-2019.py, 29] cross_path is ./config/car.txt
[2019-03-14 23:52:03] INFO [main: CodeCraft-2019.py, 30] answer_path is ./config/car.txt
[2019-03-14 23:52:51] INFO [main: CodeCraft-2019.py, 27] car_path is ./config/car.txt
[2019-03-14 23:52:51] INFO [main: CodeCraft-2019.py, 28] road_path is ./config/car.txt
[2019-03-14 23:52:51] INFO [main: CodeCraft-2019.py, 29] cross_path is ./config/car.txt
[2019-03-14 23:52:51] INFO [main: CodeCraft-2019.py, 30] answer_path is ./config/car.txt
[2019-03-14 23:53:41] INFO [main: CodeCraft-2019.py, 27] car_path is ../config/car.txt
[2019-03-14 23:53:41] INFO [main: CodeCraft-2019.py, 28] road_path is ../config/car.txt
[2019-03-14 23:53:41] INFO [main: CodeCraft-2019.py, 29] cross_path is ../config/car.txt
[2019-03-14 23:53:41] INFO [main: CodeCraft-2019.py, 30] answer_path is ../config/car.txt
[2019-03-14 23:54:41] INFO [main: CodeCraft-2019.py, 27] car_path is ../config/car.txt
[2019-03-14 23:54:41] INFO [main: CodeCraft-2019.py, 28] road_path is ../config/car.txt
[2019-03-14 23:54:41] INFO [main: CodeCraft-2019.py, 29] cross_path is ../config/car.txt
[2019-03-14 23:54:41] INFO [main: CodeCraft-2019.py, 30] answer_path is ../config/car.txt
[2019-03-14 23:56:21] INFO [main: CodeCraft-2019.py, 27] car_path is ../config/car.txt
[2019-03-14 23:56:21] INFO [main: CodeCraft-2019.py, 28] road_path is ../config/car.txt
[2019-03-14 23:56:21] INFO [main: CodeCraft-2019.py, 29] cross_path is ../config/car.txt
[2019-03-14 23:56:21] INFO [main: CodeCraft-2019.py, 30] answer_path is ../config/car.txt
[2019-03-14 23:57:03] INFO [main: CodeCraft-2019.py, 27] car_path is ../config/car.txt
[2019-03-14 23:57:03] INFO [main: CodeCraft-2019.py, 28] road_path is ../config/car.txt
[2019-03-14 23:57:03] INFO [main: CodeCraft-2019.py, 29] cross_path is ../config/car.txt
[2019-03-14 23:57:03] INFO [main: CodeCraft-2019.py, 30] answer_path is ../config/car.txt
[2019-03-14 23:58:47] INFO [main: CodeCraft-2019.py, 27] car_path is ./CodeCraft-2019/config/car.txt
[2019-03-14 23:58:47] INFO [main: CodeCraft-2019.py, 28] road_path is ./CodeCraft-2019/config/car.txt
[2019-03-14 23:58:47] INFO [main: CodeCraft-2019.py, 29] cross_path is ./CodeCraft-2019/config/car.txt
[2019-03-14 23:58:47] INFO [main: CodeCraft-2019.py, 30] answer_path is ./CodeCraft-2019/config/car.txt
[2019-03-14 23:59:30] INFO [main: CodeCraft-2019.py, 27] car_path is ./CodeCraft-2019/config/car.txt
[2019-03-14 23:59:30] INFO [main: CodeCraft-2019.py, 28] road_path is ./CodeCraft-2019/config/car.txt
[2019-03-14 23:59:30] INFO [main: CodeCraft-2019.py, 29] cross_path is ./CodeCraft-2019/config/car.txt
[2019-03-14 23:59:30] INFO [main: CodeCraft-2019.py, 30] answer_path is ./CodeCraft-2019/config/car.txt
[2019-03-15 00:04:12] INFO [main: CodeCraft-2019.py, 27] car_path is ./CodeCraft-2019/config/car.txt
[2019-03-15 00:04:12] INFO [main: CodeCraft-2019.py, 28] road_path is ./CodeCraft-2019/config/car.txt
[2019-03-15 00:04:12] INFO [main: CodeCraft-2019.py, 29] cross_path is ./CodeCraft-2019/config/car.txt
[2019-03-15 00:04:12] INFO [main: CodeCraft-2019.py, 30] answer_path is ./CodeCraft-2019/config/car.txt
[2019-03-15 00:05:05] INFO [main: CodeCraft-2019.py, 27] car_path is ./CodeCraft-2019/config/car.txt
[2019-03-15 00:05:05] INFO [main: CodeCraft-2019.py, 28] road_path is ./CodeCraft-2019/config/car.txt
[2019-03-15 00:05:05] INFO [main: CodeCraft-2019.py, 29] cross_path is ./CodeCraft-2019/config/car.txt
[2019-03-15 00:05:05] INFO [main: CodeCraft-2019.py, 30] answer_path is ./CodeCraft-2019/config/car.txt
[2019-03-15 00:05:56] INFO [main: CodeCraft-2019.py, 27] car_path is ./CodeCraft-2019/config/car.txt
[2019-03-15 00:05:56] INFO [main: CodeCraft-2019.py, 28] road_path is ./CodeCraft-2019/config/car.txt
[2019-03-15 00:05:56] INFO [main: CodeCraft-2019.py, 29] cross_path is ./CodeCraft-2019/config/car.txt
[2019-03-15 00:05:56] INFO [main: CodeCraft-2019.py, 30] answer_path is ./CodeCraft-2019/config/car.txt
[2019-03-15 00:09:30] INFO [main: CodeCraft-2019.py, 27] car_path is ./CodeCraft-2019/config/car.txt
[2019-03-15 00:09:30] INFO [main: CodeCraft-2019.py, 28] road_path is ./CodeCraft-2019/config/car.txt
[2019-03-15 00:09:30] INFO [main: CodeCraft-2019.py, 29] cross_path is ./CodeCraft-2019/config/car.txt
[2019-03-15 00:09:30] INFO [main: CodeCraft-2019.py, 30] answer_path is ./CodeCraft-2019/config/car.txt
[2019-03-15 00:11:34] INFO [main: CodeCraft-2019.py, 27] car_path is ./CodeCraft-2019/config/car.txt
[2019-03-15 00:11:34] INFO [main: CodeCraft-2019.py, 28] road_path is ./CodeCraft-2019/config/car.txt
[2019-03-15 00:11:34] INFO [main: CodeCraft-2019.py, 29] cross_path is ./CodeCraft-2019/config/car.txt
[2019-03-15 00:11:34] INFO [main: CodeCraft-2019.py, 30] answer_path is ./CodeCraft-2019/config/car.txt
[2019-03-15 11:49:48] INFO [main: CodeCraft-2019.py, 27] car_path is ./CodeCraft-2019/config/car.txt
[2019-03-15 11:49:48] INFO [main: CodeCraft-2019.py, 28] road_path is ./CodeCraft-2019/config/car.txt
[2019-03-15 11:49:48] INFO [main: CodeCraft-2019.py, 29] cross_path is ./CodeCraft-2019/config/car.txt
[2019-03-15 11:49:48] INFO [main: CodeCraft-2019.py, 30] answer_path is ./CodeCraft-2019/config/car.txt
[2019-03-15 11:51:57] INFO [main: CodeCraft-2019.py, 27] car_path is ./CodeCraft-2019/config/car.txt
[2019-03-15 11:51:57] INFO [main: CodeCraft-2019.py, 28] road_path is ./CodeCraft-2019/config/car.txt
[2019-03-15 11:51:57] INFO [main: CodeCraft-2019.py, 29] cross_path is ./CodeCraft-2019/config/car.txt
[2019-03-15 11:51:57] INFO [main: CodeCraft-2019.py, 30] answer_path is ./CodeCraft-2019/config/car.txt
[2019-03-15 12:10:30] INFO [main: CodeCraft-2019.py, 27] car_path is ./CodeCraft-2019/config/car.txt
[2019-03-15 12:10:30] INFO [main: CodeCraft-2019.py, 28] road_path is ./CodeCraft-2019/config/car.txt
[2019-03-15 12:10:30] INFO [main: CodeCraft-2019.py, 29] cross_path is ./CodeCraft-2019/config/car.txt
[2019-03-15 12:10:30] INFO [main: CodeCraft-2019.py, 30] answer_path is ./CodeCraft-2019/config/car.txt
[2019-03-15 12:15:57] INFO [main: CodeCraft-2019.py, 27] car_path is ./CodeCraft-2019/config/car.txt
[2019-03-15 12:15:57] INFO [main: CodeCraft-2019.py, 28] road_path is ./CodeCraft-2019/config/car.txt
[2019-03-15 12:15:57] INFO [main: CodeCraft-2019.py, 29] cross_path is ./CodeCraft-2019/config/car.txt
[2019-03-15 12:15:57] INFO [main: CodeCraft-2019.py, 30] answer_path is ./CodeCraft-2019/config/car.txt
[2019-03-15 12:16:37] INFO [main: CodeCraft-2019.py, 27] car_path is ./CodeCraft-2019/config/car.txt
[2019-03-15 12:16:37] INFO [main: CodeCraft-2019.py, 28] road_path is ./CodeCraft-2019/config/car.txt
[2019-03-15 12:16:37] INFO [main: CodeCraft-2019.py, 29] cross_path is ./CodeCraft-2019/config/car.txt
[2019-03-15 12:16:37] INFO [main: CodeCraft-2019.py, 30] answer_path is ./CodeCraft-2019/config/car.txt
[2019-03-15 12:23:49] INFO [main: CodeCraft-2019.py, 27] car_path is ./CodeCraft-2019/config/car.txt
[2019-03-15 12:23:49] INFO [main: CodeCraft-2019.py, 28] road_path is ./CodeCraft-2019/config/car.txt
[2019-03-15 12:23:49] INFO [main: CodeCraft-2019.py, 29] cross_path is ./CodeCraft-2019/config/car.txt
[2019-03-15 12:23:49] INFO [main: CodeCraft-2019.py, 30] answer_path is ./CodeCraft-2019/config/car.txt
[2019-03-15 12:24:51] INFO [main: CodeCraft-2019.py, 27] car_path is ./CodeCraft-2019/config/car.txt
[2019-03-15 12:24:51] INFO [main: CodeCraft-2019.py, 28] road_path is ./CodeCraft-2019/config/road.txt
[2019-03-15 12:24:51] INFO [main: CodeCraft-2019.py, 29] cross_path is ./CodeCraft-2019/config/cross.txt
[2019-03-15 12:24:51] INFO [main: CodeCraft-2019.py, 30] answer_path is ./CodeCraft-2019/config/answer.txt
[2019-03-15 13:30:01] INFO [main: CodeCraft-2019.py, 27] car_path is ./CodeCraft-2019/config/car.txt
[2019-03-15 13:30:01] INFO [main: CodeCraft-2019.py, 28] road_path is ./CodeCraft-2019/config/road.txt
[2019-03-15 13:30:01] INFO [main: CodeCraft-2019.py, 29] cross_path is ./CodeCraft-2019/config/cross.txt
[2019-03-15 13:30:01] INFO [main: CodeCraft-2019.py, 30] answer_path is ./CodeCraft-2019/config/answer.txt
[2019-03-15 13:30:30] INFO [main: CodeCraft-2019.py, 27] car_path is ./CodeCraft-2019/config/car.txt
[2019-03-15 13:30:30] INFO [main: CodeCraft-2019.py, 28] road_path is ./CodeCraft-2019/config/road.txt
[2019-03-15 13:30:30] INFO [main: CodeCraft-2019.py, 29] cross_path is ./CodeCraft-2019/config/cross.txt
[2019-03-15 13:30:30] INFO [main: CodeCraft-2019.py, 30] answer_path is ./CodeCraft-2019/config/answer.txt
[2019-03-15 13:43:42] INFO [main: CodeCraft-2019.py, 27] car_path is ./CodeCraft-2019/config/car.txt
[2019-03-15 13:43:42] INFO [main: CodeCraft-2019.py, 28] road_path is ./CodeCraft-2019/config/road.txt
[2019-03-15 13:43:42] INFO [main: CodeCraft-2019.py, 29] cross_path is ./CodeCraft-2019/config/cross.txt
[2019-03-15 13:43:42] INFO [main: CodeCraft-2019.py, 30] answer_path is ./CodeCraft-2019/config/answer.txt
[2019-03-15 13:43:54] INFO [main: CodeCraft-2019.py, 27] car_path is ./CodeCraft-2019/config/car.txt
[2019-03-15 13:43:54] INFO [main: CodeCraft-2019.py, 28] road_path is ./CodeCraft-2019/config/road.txt
[2019-03-15 13:43:54] INFO [main: CodeCraft-2019.py, 29] cross_path is ./CodeCraft-2019/config/cross.txt
[2019-03-15 13:43:54] INFO [main: CodeCraft-2019.py, 30] answer_path is ./CodeCraft-2019/config/answer.txt
[2019-03-15 13:52:55] INFO [main: CodeCraft-2019.py, 27] car_path is ./CodeCraft-2019/config/car.txt
[2019-03-15 13:52:55] INFO [main: CodeCraft-2019.py, 28] road_path is ./CodeCraft-2019/config/road.txt
[2019-03-15 13:52:55] INFO [main: CodeCraft-2019.py, 29] cross_path is ./CodeCraft-2019/config/cross.txt
[2019-03-15 13:52:55] INFO [main: CodeCraft-2019.py, 30] answer_path is ./CodeCraft-2019/config/answer.txt
